Performing C SOURCE FILE Test CMAKE_HAVE_LIBC_PTHREAD failed with the following output:
Change Dir: /home/melodies/SYSU_ROBOT/Communication_Relay/src/communication-relay/cmake-build-debug/CMakeFiles/CMakeTmp

Run Build Command(s):/home/melodies/Downloads/clion-2022.2.3/bin/ninja/linux/ninja cmTC_60fba && [1/2] Building C object CMakeFiles/cmTC_60fba.dir/src.c.o
[2/2] Linking C executable cmTC_60fba
FAILED: cmTC_60fba 
: && /usr/bin/cc  -rdynamic CMakeFiles/cmTC_60fba.dir/src.c.o -o cmTC_60fba   && :
CMakeFiles/cmTC_60fba.dir/src.c.o: In function `main':
src.c:(.text+0x3e): undefined reference to `pthread_create'
src.c:(.text+0x4a): undefined reference to `pthread_detach'
src.c:(.text+0x56): undefined reference to `pthread_cancel'
src.c:(.text+0x67): undefined reference to `pthread_join'
src.c:(.text+0x7b): undefined reference to `pthread_atfork'
collect2: error: ld returned 1 exit status
ninja: build stopped: subcommand failed.


Source file was:
#include <pthread.h>

static void* test_func(void* data)
{
  return data;
}

int main(void)
{
  pthread_t thread;
  pthread_create(&thread, NULL, test_func, NULL);
  pthread_detach(thread);
  pthread_cancel(thread);
  pthread_join(thread, NULL);
  pthread_atfork(NULL, NULL, NULL);
  pthread_exit(NULL);

  return 0;
}

Determining if the function pthread_create exists in the pthreads failed with the following output:
Change Dir: /home/melodies/SYSU_ROBOT/Communication_Relay/src/communication-relay/cmake-build-debug/CMakeFiles/CMakeTmp

Run Build Command(s):/home/melodies/Downloads/clion-2022.2.3/bin/ninja/linux/ninja cmTC_d8da4 && [1/2] Building C object CMakeFiles/cmTC_d8da4.dir/CheckFunctionExists.c.o
[2/2] Linking C executable cmTC_d8da4
FAILED: cmTC_d8da4 
: && /usr/bin/cc -DCHECK_FUNCTION_EXISTS=pthread_create -rdynamic CMakeFiles/cmTC_d8da4.dir/CheckFunctionExists.c.o -o cmTC_d8da4  -lpthreads && :
/usr/bin/ld: cannot find -lpthreads
collect2: error: ld returned 1 exit status
ninja: build stopped: subcommand failed.



