Performing C SOURCE FILE Test CMAKE_HAVE_LIBC_PTHREAD failed with the following output:
Change Dir: /home/melodies/SYSU_ROBOT/Fast-Planner/uav_simulator/map_generator/cmake-build-debug/CMakeFiles/CMakeTmp

Run Build Command(s):/usr/bin/make -f Makefile cmTC_a159b/fast && /usr/bin/make  -f CMakeFiles/cmTC_a159b.dir/build.make CMakeFiles/cmTC_a159b.dir/build
make[1]: Entering directory '/home/melodies/SYSU_ROBOT/Fast-Planner/uav_simulator/map_generator/cmake-build-debug/CMakeFiles/CMakeTmp'
Building C object CMakeFiles/cmTC_a159b.dir/src.c.o
/usr/bin/cc -DCMAKE_HAVE_LIBC_PTHREAD   -o CMakeFiles/cmTC_a159b.dir/src.c.o -c /home/melodies/SYSU_ROBOT/Fast-Planner/uav_simulator/map_generator/cmake-build-debug/CMakeFiles/CMakeTmp/src.c
Linking C executable cmTC_a159b
/home/melodies/Downloads/clion-2022.2.3/bin/cmake/linux/bin/cmake -E cmake_link_script CMakeFiles/cmTC_a159b.dir/link.txt --verbose=1
/usr/bin/cc -rdynamic CMakeFiles/cmTC_a159b.dir/src.c.o -o cmTC_a159b 
CMakeFiles/cmTC_a159b.dir/src.c.o: In function `main':
src.c:(.text+0x3e): undefined reference to `pthread_create'
src.c:(.text+0x4a): undefined reference to `pthread_detach'
src.c:(.text+0x56): undefined reference to `pthread_cancel'
src.c:(.text+0x67): undefined reference to `pthread_join'
src.c:(.text+0x7b): undefined reference to `pthread_atfork'
collect2: error: ld returned 1 exit status
CMakeFiles/cmTC_a159b.dir/build.make:98: recipe for target 'cmTC_a159b' failed
make[1]: *** [cmTC_a159b] Error 1
make[1]: Leaving directory '/home/melodies/SYSU_ROBOT/Fast-Planner/uav_simulator/map_generator/cmake-build-debug/CMakeFiles/CMakeTmp'
Makefile:127: recipe for target 'cmTC_a159b/fast' failed
make: *** [cmTC_a159b/fast] Error 2


Source file was:
#include <pthread.h>

static void* test_func(void* data)
{
  return data;
}

int main(void)
{
  pthread_t thread;
  pthread_create(&thread, NULL, test_func, NULL);
  pthread_detach(thread);
  pthread_cancel(thread);
  pthread_join(thread, NULL);
  pthread_atfork(NULL, NULL, NULL);
  pthread_exit(NULL);

  return 0;
}

Determining if the function pthread_create exists in the pthreads failed with the following output:
Change Dir: /home/melodies/SYSU_ROBOT/Fast-Planner/uav_simulator/map_generator/cmake-build-debug/CMakeFiles/CMakeTmp

Run Build Command(s):/usr/bin/make -f Makefile cmTC_a7d93/fast && /usr/bin/make  -f CMakeFiles/cmTC_a7d93.dir/build.make CMakeFiles/cmTC_a7d93.dir/build
make[1]: Entering directory '/home/melodies/SYSU_ROBOT/Fast-Planner/uav_simulator/map_generator/cmake-build-debug/CMakeFiles/CMakeTmp'
Building C object CMakeFiles/cmTC_a7d93.dir/CheckFunctionExists.c.o
/usr/bin/cc   -DCHECK_FUNCTION_EXISTS=pthread_create -o CMakeFiles/cmTC_a7d93.dir/CheckFunctionExists.c.o -c /home/melodies/Downloads/clion-2022.2.3/bin/cmake/linux/share/cmake-3.23/Modules/CheckFunctionExists.c
Linking C executable cmTC_a7d93
/home/melodies/Downloads/clion-2022.2.3/bin/cmake/linux/bin/cmake -E cmake_link_script CMakeFiles/cmTC_a7d93.dir/link.txt --verbose=1
/usr/bin/cc  -DCHECK_FUNCTION_EXISTS=pthread_create -rdynamic CMakeFiles/cmTC_a7d93.dir/CheckFunctionExists.c.o -o cmTC_a7d93  -lpthreads 
/usr/bin/ld: cannot find -lpthreads
collect2: error: ld returned 1 exit status
CMakeFiles/cmTC_a7d93.dir/build.make:98: recipe for target 'cmTC_a7d93' failed
make[1]: *** [cmTC_a7d93] Error 1
make[1]: Leaving directory '/home/melodies/SYSU_ROBOT/Fast-Planner/uav_simulator/map_generator/cmake-build-debug/CMakeFiles/CMakeTmp'
Makefile:127: recipe for target 'cmTC_a7d93/fast' failed
make: *** [cmTC_a7d93/fast] Error 2



